<?xml version="1.0" encoding="UTF-8"?>

<testsuite errors="0" failures="0" name="events.AuthenticationEventTest" tests="1" time="0"> 
  <testcase classname="events.AuthenticationEventTest" name="shouldHaveSameTypeAfterClone" time="0"/> 
</testsuite>
